<?xml version="1.0" encoding="UTF-8"?>
<testsuite xmlns:xsi="http://www.w3.org/2001/XMLSchema-instance" xsi:noNamespaceSchemaLocation="https://maven.apache.org/surefire/maven-surefire-plugin/xsd/surefire-test-report.xsd" name="TestSuite" time="66.222" tests="5" errors="0" skipped="0" failures="0">
  <properties>
[...]
</properties>
  <testcase name="registerUser" classname="Test.TestMobile" time="13.938"/>
  <testcase name="loginUser" classname="Test.TestMobile" time="8.883"/>
  <testcase name="playSongFromPlaylist" classname="Test.TestMobile" time="15.834"/>
  <testcase name="createCustomPlaylist" classname="Test.TestMobile" time="6.525"/>
  <testcase name="addSongToCustomPlaylist" classname="Test.TestMobile" time="4.611"/>
</testsuite>