<?xml version="1.0" encoding="UTF-8"?>
<!-- Generated by org.testng.reporters.JUnitXMLReporter -->
<testsuite ignored="0" hostname="DESKTOP-E34NI8G" failures="0" tests="5" name="My Appium TestNG Test" time="65.234" errors="0" timestamp="2024-02-05T13:15:36 CET">
  <testcase classname="Test.TestMobile" name="registerUser" time="13.937"/>
  <testcase classname="Test.TestMobile" name="loginUser" time="8.884"/>
  <testcase classname="Test.TestMobile" name="playSongFromPlaylist" time="15.834"/>
  <testcase classname="Test.TestMobile" name="createCustomPlaylist" time="6.525"/>
  <testcase classname="Test.TestMobile" name="addSongToCustomPlaylist" time="4.611"/>
</testsuite> <!-- My Appium TestNG Test -->
